<?xml version="1.0" encoding="UTF-8"?>
<!-- Generated by org.testng.reporters.JUnitReportReporter -->
<testsuite hostname="DESKTOP-4KVT79I" failures="0" tests="1" name="OrangeHRM_Project.testOrangeHRM" time="3.525" errors="0" timestamp="2025-05-23T16:25:16 IST" skipped="0">
  <testcase classname="OrangeHRM_Project.testOrangeHRM" name="Login" time="3.525"/>
</testsuite> <!-- OrangeHRM_Project.testOrangeHRM -->
