<?xml version="1.0" encoding="UTF-8"?>
<!-- Generated by org.testng.reporters.JUnitReportReporter -->
<testsuite hostname="DESKTOP-4KVT79I" failures="0" tests="4" name="TestNgPackage.TestNgPractice2" time="0.240" errors="0" timestamp="2025-05-17T16:17:05 IST" skipped="0">
  <testcase classname="TestNgPackage.TestNgPractice2" name="login" time="0.099"/>
  <testcase classname="TestNgPackage.TestNgPractice2" name="logout" time="0.048"/>
  <testcase classname="TestNgPackage.TestNgPractice2" name="search" time="0.011"/>
  <testcase classname="TestNgPackage.TestNgPractice2" name="AddToCart" time="0.082"/>
</testsuite> <!-- TestNgPackage.TestNgPractice2 -->
