<?xml version="1.0" encoding="UTF-8"?>
<!-- Generated by org.testng.reporters.JUnitReportReporter -->
<testsuite hostname="DESKTOP-4KVT79I" failures="0" tests="8" name="ParallelTesting.parallelTesting" time="29.245" errors="0" timestamp="2025-05-23T16:46:01 IST" skipped="0">
  <testcase classname="ParallelTesting.parallelTesting" name="Login" time="1.868"/>
  <testcase classname="ParallelTesting.parallelTesting" name="Login" time="3.661"/>
  <testcase classname="ParallelTesting.parallelTesting" name="Admin" time="8.747"/>
  <testcase classname="ParallelTesting.parallelTesting" name="Admin" time="7.820"/>
  <testcase classname="ParallelTesting.parallelTesting" name="PIM" time="1.269"/>
  <testcase classname="ParallelTesting.parallelTesting" name="PIM" time="1.238"/>
  <testcase classname="ParallelTesting.parallelTesting" name="leave" time="2.481"/>
  <testcase classname="ParallelTesting.parallelTesting" name="leave" time="2.161"/>
</testsuite> <!-- ParallelTesting.parallelTesting -->
