<?xml version="1.0" encoding="UTF-8"?>
<!-- Generated by org.testng.reporters.JUnitReportReporter -->
<testsuite hostname="DESKTOP-4KVT79I" failures="0" tests="2" name="TestNgPackage.testNgclass" time="0.093" errors="0" timestamp="2025-05-15T16:56:58 IST" skipped="0">
  <testcase classname="TestNgPackage.testNgclass" name="login" time="0.074"/>
  <testcase classname="TestNgPackage.testNgclass" name="openAt" time="0.019"/>
</testsuite> <!-- TestNgPackage.testNgclass -->
