<?xml version="1.0" encoding="UTF-8"?>
<!-- Generated by org.testng.reporters.JUnitReportReporter -->
<testsuite hostname="DESKTOP-4KVT79I" failures="0" tests="2" name="TestNgPackage.TestNGPractice3" time="0.053" errors="0" timestamp="2025-05-19T16:48:56 IST" skipped="0">
  <testcase classname="TestNgPackage.TestNGPractice3" name="Test1" time="0.043"/>
  <testcase classname="TestNgPackage.TestNGPractice3" name="Test2" time="0.010"/>
</testsuite> <!-- TestNgPackage.TestNGPractice3 -->
