<?xml version="1.0" encoding="UTF-8"?>
<!-- Generated by org.testng.reporters.JUnitReportReporter -->
<testsuite hostname="DESKTOP-4KVT79I" failures="0" tests="1" name="PageObject.LoginPage" time="9.242" errors="0" timestamp="2025-05-24T16:58:09 IST" skipped="0">
  <testcase classname="PageObject.LoginPage" name="testLogin" time="9.242"/>
</testsuite> <!-- PageObject.LoginPage -->
